<?xml version="1.0" encoding="UTF-8"?>
<!-- Generated by org.testng.reporters.JUnitReportReporter -->
<testsuite hostname="LAPTOP-8KK73S62" failures="0" tests="4" name="swaglabsTests.SwagLabsPositiveTestAutomationClass" time="22.892" errors="0" timestamp="2024-05-08T01:09:37 IST" skipped="0">
  <testcase classname="swaglabsTests.SwagLabsPositiveTestAutomationClass" name="validatePostalCodeIsMandatoryField" time="5.224"/>
  <system-out/>
  <testcase classname="swaglabsTests.SwagLabsPositiveTestAutomationClass" name="validateLastNameIsMandatoryField" time="5.315"/>
  <system-out/>
  <testcase classname="swaglabsTests.SwagLabsPositiveTestAutomationClass" name="validateUserIsAbleToPlaceOrder" time="7.295"/>
  <system-out/>
  <testcase classname="swaglabsTests.SwagLabsPositiveTestAutomationClass" name="validateFirstNameIsMandatoryField" time="5.058"/>
  <system-out/>
</testsuite> <!-- swaglabsTests.SwagLabsPositiveTestAutomationClass -->
